[2024-06-07T03:56:58.759+0000] {processor.py:161} INFO - Started process (PID=71) to work on /home/airflow/.local/lib/python3.12/site-packages/airflow/example_dags/example_datasets.py
[2024-06-07T03:56:58.760+0000] {processor.py:830} INFO - Processing file /home/airflow/.local/lib/python3.12/site-packages/airflow/example_dags/example_datasets.py for tasks to queue
[2024-06-07T03:56:58.762+0000] {logging_mixin.py:188} INFO - [2024-06-07T03:56:58.762+0000] {dagbag.py:545} INFO - Filling up the DagBag from /home/airflow/.local/lib/python3.12/site-packages/airflow/example_dags/example_datasets.py
[2024-06-07T03:56:58.779+0000] {processor.py:840} INFO - DAG(s) 'dataset_consumes_1_never_scheduled', 'dataset_consumes_unknown_never_scheduled', 'dataset_consumes_1', 'dataset_produces_2', 'consume_1_and_2_with_dataset_expressions', 'dataset_produces_1', 'conditional_dataset_and_time_based_timetable', 'consume_1_or_both_2_and_3_with_dataset_expressions', 'dataset_consumes_1_and_2', 'consume_1_or_2_with_dataset_expressions' retrieved from /home/airflow/.local/lib/python3.12/site-packages/airflow/example_dags/example_datasets.py
[2024-06-07T03:56:58.843+0000] {logging_mixin.py:188} INFO - [2024-06-07T03:56:58.843+0000] {dag.py:3096} INFO - Sync 10 DAGs
[2024-06-07T03:56:58.873+0000] {logging_mixin.py:188} INFO - [2024-06-07T03:56:58.873+0000] {dag.py:3954} INFO - Setting next_dagrun for conditional_dataset_and_time_based_timetable to 2024-06-05 01:00:00+00:00, run_after=2024-06-05 01:00:00+00:00
[2024-06-07T03:56:58.878+0000] {logging_mixin.py:188} INFO - [2024-06-07T03:56:58.878+0000] {dag.py:3954} INFO - Setting next_dagrun for consume_1_and_2_with_dataset_expressions to None, run_after=None
[2024-06-07T03:56:58.881+0000] {logging_mixin.py:188} INFO - [2024-06-07T03:56:58.880+0000] {dag.py:3954} INFO - Setting next_dagrun for consume_1_or_2_with_dataset_expressions to None, run_after=None
[2024-06-07T03:56:58.883+0000] {logging_mixin.py:188} INFO - [2024-06-07T03:56:58.883+0000] {dag.py:3954} INFO - Setting next_dagrun for consume_1_or_both_2_and_3_with_dataset_expressions to None, run_after=None
[2024-06-07T03:56:58.885+0000] {logging_mixin.py:188} INFO - [2024-06-07T03:56:58.885+0000] {dag.py:3954} INFO - Setting next_dagrun for dataset_consumes_1 to None, run_after=None
[2024-06-07T03:56:58.888+0000] {logging_mixin.py:188} INFO - [2024-06-07T03:56:58.887+0000] {dag.py:3954} INFO - Setting next_dagrun for dataset_consumes_1_and_2 to None, run_after=None
[2024-06-07T03:56:58.890+0000] {logging_mixin.py:188} INFO - [2024-06-07T03:56:58.890+0000] {dag.py:3954} INFO - Setting next_dagrun for dataset_consumes_1_never_scheduled to None, run_after=None
[2024-06-07T03:56:58.893+0000] {logging_mixin.py:188} INFO - [2024-06-07T03:56:58.892+0000] {dag.py:3954} INFO - Setting next_dagrun for dataset_consumes_unknown_never_scheduled to None, run_after=None
[2024-06-07T03:56:58.896+0000] {logging_mixin.py:188} INFO - [2024-06-07T03:56:58.896+0000] {dag.py:3954} INFO - Setting next_dagrun for dataset_produces_1 to 2024-06-06 00:00:00+00:00, run_after=2024-06-07 00:00:00+00:00
[2024-06-07T03:56:58.898+0000] {logging_mixin.py:188} INFO - [2024-06-07T03:56:58.898+0000] {dag.py:3954} INFO - Setting next_dagrun for dataset_produces_2 to None, run_after=None
[2024-06-07T03:56:58.947+0000] {processor.py:183} INFO - Processing /home/airflow/.local/lib/python3.12/site-packages/airflow/example_dags/example_datasets.py took 0.194 seconds
[2024-06-07T03:57:29.971+0000] {processor.py:161} INFO - Started process (PID=130) to work on /home/airflow/.local/lib/python3.12/site-packages/airflow/example_dags/example_datasets.py
[2024-06-07T03:57:29.972+0000] {processor.py:830} INFO - Processing file /home/airflow/.local/lib/python3.12/site-packages/airflow/example_dags/example_datasets.py for tasks to queue
[2024-06-07T03:57:29.974+0000] {logging_mixin.py:188} INFO - [2024-06-07T03:57:29.973+0000] {dagbag.py:545} INFO - Filling up the DagBag from /home/airflow/.local/lib/python3.12/site-packages/airflow/example_dags/example_datasets.py
[2024-06-07T03:57:29.986+0000] {processor.py:840} INFO - DAG(s) 'dataset_consumes_unknown_never_scheduled', 'dataset_consumes_1', 'conditional_dataset_and_time_based_timetable', 'consume_1_or_2_with_dataset_expressions', 'dataset_consumes_1_and_2', 'consume_1_or_both_2_and_3_with_dataset_expressions', 'dataset_produces_2', 'consume_1_and_2_with_dataset_expressions', 'dataset_consumes_1_never_scheduled', 'dataset_produces_1' retrieved from /home/airflow/.local/lib/python3.12/site-packages/airflow/example_dags/example_datasets.py
[2024-06-07T03:57:30.039+0000] {logging_mixin.py:188} INFO - [2024-06-07T03:57:30.039+0000] {dag.py:3096} INFO - Sync 10 DAGs
[2024-06-07T03:57:30.066+0000] {logging_mixin.py:188} INFO - [2024-06-07T03:57:30.066+0000] {dag.py:3954} INFO - Setting next_dagrun for conditional_dataset_and_time_based_timetable to 2024-06-05 01:00:00+00:00, run_after=2024-06-05 01:00:00+00:00
[2024-06-07T03:57:30.070+0000] {logging_mixin.py:188} INFO - [2024-06-07T03:57:30.070+0000] {dag.py:3954} INFO - Setting next_dagrun for consume_1_and_2_with_dataset_expressions to None, run_after=None
[2024-06-07T03:57:30.073+0000] {logging_mixin.py:188} INFO - [2024-06-07T03:57:30.073+0000] {dag.py:3954} INFO - Setting next_dagrun for consume_1_or_2_with_dataset_expressions to None, run_after=None
[2024-06-07T03:57:30.075+0000] {logging_mixin.py:188} INFO - [2024-06-07T03:57:30.075+0000] {dag.py:3954} INFO - Setting next_dagrun for consume_1_or_both_2_and_3_with_dataset_expressions to None, run_after=None
[2024-06-07T03:57:30.077+0000] {logging_mixin.py:188} INFO - [2024-06-07T03:57:30.077+0000] {dag.py:3954} INFO - Setting next_dagrun for dataset_consumes_1 to None, run_after=None
[2024-06-07T03:57:30.079+0000] {logging_mixin.py:188} INFO - [2024-06-07T03:57:30.079+0000] {dag.py:3954} INFO - Setting next_dagrun for dataset_consumes_1_and_2 to None, run_after=None
[2024-06-07T03:57:30.081+0000] {logging_mixin.py:188} INFO - [2024-06-07T03:57:30.081+0000] {dag.py:3954} INFO - Setting next_dagrun for dataset_consumes_1_never_scheduled to None, run_after=None
[2024-06-07T03:57:30.083+0000] {logging_mixin.py:188} INFO - [2024-06-07T03:57:30.083+0000] {dag.py:3954} INFO - Setting next_dagrun for dataset_consumes_unknown_never_scheduled to None, run_after=None
[2024-06-07T03:57:30.086+0000] {logging_mixin.py:188} INFO - [2024-06-07T03:57:30.086+0000] {dag.py:3954} INFO - Setting next_dagrun for dataset_produces_1 to 2024-06-06 00:00:00+00:00, run_after=2024-06-07 00:00:00+00:00
[2024-06-07T03:57:30.088+0000] {logging_mixin.py:188} INFO - [2024-06-07T03:57:30.088+0000] {dag.py:3954} INFO - Setting next_dagrun for dataset_produces_2 to None, run_after=None
[2024-06-07T03:57:30.130+0000] {processor.py:183} INFO - Processing /home/airflow/.local/lib/python3.12/site-packages/airflow/example_dags/example_datasets.py took 0.164 seconds
