[2024-06-07T03:56:58.640+0000] {processor.py:161} INFO - Started process (PID=69) to work on /home/airflow/.local/lib/python3.12/site-packages/airflow/example_dags/example_subdag_operator.py
[2024-06-07T03:56:58.642+0000] {processor.py:830} INFO - Processing file /home/airflow/.local/lib/python3.12/site-packages/airflow/example_dags/example_subdag_operator.py for tasks to queue
[2024-06-07T03:56:58.643+0000] {logging_mixin.py:188} INFO - [2024-06-07T03:56:58.643+0000] {dagbag.py:545} INFO - Filling up the DagBag from /home/airflow/.local/lib/python3.12/site-packages/airflow/example_dags/example_subdag_operator.py
[2024-06-07T03:56:58.667+0000] {processor.py:840} INFO - DAG(s) 'example_subdag_operator.section-1', 'example_subdag_operator.section-2', 'example_subdag_operator' retrieved from /home/airflow/.local/lib/python3.12/site-packages/airflow/example_dags/example_subdag_operator.py
[2024-06-07T03:56:58.689+0000] {logging_mixin.py:188} INFO - [2024-06-07T03:56:58.688+0000] {dag.py:3096} INFO - Sync 3 DAGs
[2024-06-07T03:56:58.713+0000] {logging_mixin.py:188} INFO - [2024-06-07T03:56:58.713+0000] {dag.py:3954} INFO - Setting next_dagrun for example_subdag_operator to 2022-01-01 00:00:00+00:00, run_after=2022-01-01 00:00:00+00:00
[2024-06-07T03:56:58.718+0000] {logging_mixin.py:188} INFO - [2024-06-07T03:56:58.718+0000] {dag.py:3954} INFO - Setting next_dagrun for example_subdag_operator.section-1 to None, run_after=None
[2024-06-07T03:56:58.720+0000] {logging_mixin.py:188} INFO - [2024-06-07T03:56:58.720+0000] {dag.py:3954} INFO - Setting next_dagrun for example_subdag_operator.section-2 to None, run_after=None
[2024-06-07T03:56:58.729+0000] {logging_mixin.py:188} INFO - [2024-06-07T03:56:58.729+0000] {dag.py:3096} INFO - Sync 2 DAGs
[2024-06-07T03:56:58.736+0000] {logging_mixin.py:188} INFO - [2024-06-07T03:56:58.736+0000] {dag.py:3954} INFO - Setting next_dagrun for example_subdag_operator.section-1 to None, run_after=None
[2024-06-07T03:56:58.737+0000] {logging_mixin.py:188} INFO - [2024-06-07T03:56:58.737+0000] {dag.py:3954} INFO - Setting next_dagrun for example_subdag_operator.section-2 to None, run_after=None
[2024-06-07T03:56:58.753+0000] {processor.py:183} INFO - Processing /home/airflow/.local/lib/python3.12/site-packages/airflow/example_dags/example_subdag_operator.py took 0.120 seconds
[2024-06-07T03:57:28.816+0000] {processor.py:161} INFO - Started process (PID=128) to work on /home/airflow/.local/lib/python3.12/site-packages/airflow/example_dags/example_subdag_operator.py
[2024-06-07T03:57:28.817+0000] {processor.py:830} INFO - Processing file /home/airflow/.local/lib/python3.12/site-packages/airflow/example_dags/example_subdag_operator.py for tasks to queue
[2024-06-07T03:57:28.819+0000] {logging_mixin.py:188} INFO - [2024-06-07T03:57:28.818+0000] {dagbag.py:545} INFO - Filling up the DagBag from /home/airflow/.local/lib/python3.12/site-packages/airflow/example_dags/example_subdag_operator.py
[2024-06-07T03:57:28.844+0000] {processor.py:840} INFO - DAG(s) 'example_subdag_operator.section-1', 'example_subdag_operator.section-2', 'example_subdag_operator' retrieved from /home/airflow/.local/lib/python3.12/site-packages/airflow/example_dags/example_subdag_operator.py
[2024-06-07T03:57:28.862+0000] {logging_mixin.py:188} INFO - [2024-06-07T03:57:28.861+0000] {dag.py:3096} INFO - Sync 3 DAGs
[2024-06-07T03:57:28.884+0000] {logging_mixin.py:188} INFO - [2024-06-07T03:57:28.884+0000] {dag.py:3954} INFO - Setting next_dagrun for example_subdag_operator to 2022-01-01 00:00:00+00:00, run_after=2022-01-01 00:00:00+00:00
[2024-06-07T03:57:28.890+0000] {logging_mixin.py:188} INFO - [2024-06-07T03:57:28.889+0000] {dag.py:3954} INFO - Setting next_dagrun for example_subdag_operator.section-1 to None, run_after=None
[2024-06-07T03:57:28.892+0000] {logging_mixin.py:188} INFO - [2024-06-07T03:57:28.892+0000] {dag.py:3954} INFO - Setting next_dagrun for example_subdag_operator.section-2 to None, run_after=None
[2024-06-07T03:57:28.902+0000] {logging_mixin.py:188} INFO - [2024-06-07T03:57:28.902+0000] {dag.py:3096} INFO - Sync 2 DAGs
[2024-06-07T03:57:28.911+0000] {logging_mixin.py:188} INFO - [2024-06-07T03:57:28.910+0000] {dag.py:3954} INFO - Setting next_dagrun for example_subdag_operator.section-1 to None, run_after=None
[2024-06-07T03:57:28.911+0000] {logging_mixin.py:188} INFO - [2024-06-07T03:57:28.911+0000] {dag.py:3954} INFO - Setting next_dagrun for example_subdag_operator.section-2 to None, run_after=None
[2024-06-07T03:57:28.928+0000] {processor.py:183} INFO - Processing /home/airflow/.local/lib/python3.12/site-packages/airflow/example_dags/example_subdag_operator.py took 0.117 seconds
